Arguments: 
  C:\Program Files\nodejs\node.exe C:\Users\ACER NITRO 5\AppData\Roaming\npm\node_modules\yarn\bin\yarn.js add -D webpack webpack-cli

PATH: 
  C:\Program Files\WindowsApps\Microsoft.PowerShell_7.2.1.0_x64__8wekyb3d8bbwe;C:\Program Files\Common Files\Oracle\Java\javapath;C:\Program Files (x86)\NVIDIA Corporation\PhysX\Common;C:\WINDOWS\system32;C:\WINDOWS;C:\WINDOWS\System32\Wbem;C:\WINDOWS\System32\WindowsPowerShell\v1.0\;C:\WINDOWS\System32\OpenSSH\;C:\Program Files\Git\cmd;C:\Program Files\Microsoft SQL Server\Client SDK\ODBC\110\Tools\Binn\;C:\Program Files (x86)\Microsoft SQL Server\120\Tools\Binn\;C:\Program Files\Microsoft SQL Server\120\Tools\Binn\;C:\Program Files\Microsoft SQL Server\120\DTS\Binn\;C:\Program Files (x86)\Windows Kits\8.1\Windows Performance Toolkit\;C:\Program Files (x86)\Common Files\Tom Sawyer Software\8.0.0;C:\Program Files (x86)\Common Files\Win Wrap\10.25.004;C:\development\flutter\bin;C:\development\android_sdk\tools;C:\development\android_sdk\tools\bin;C:\Program Files\nodejs\;C:\Program Files\Java\jdk-17.0.1\bin;C:\development\android_sdk\cmdline-tools\latest;C:\Program Files\Docker\Docker\resources\bin;C:\ProgramData\DockerDesktop\version-bin;C:\development\apache\apache-maven-3.8.4\bin;C:\Program Files\PostgreSQL\14\bin;C:\ProgramData\chocolatey\bin;C:\development\ffmpeg\bin;C:\Program Files\Pandoc\;C:\Program Files\PowerShell\7\;C:\Users\ACER NITRO 5\AppData\Local\Programs\Python\Python310\Scripts\;C:\Users\ACER NITRO 5\AppData\Local\Programs\Python\Python310\;C:\Program Files\MySQL\MySQL Shell 8.0\bin\;C:\Users\ACER NITRO 5\AppData\Local\Microsoft\WindowsApps;C:\Users\ACER NITRO 5\AppData\Local\Programs\Microsoft VS Code\bin;C:\Users\ACER NITRO 5\AppData\Local\Programs\MiKTeX\miktex\bin\x64\;C:\Users\ACER NITRO 5\AppData\Roaming\npm;C:\Program Files\heroku\bin;C:\Users\ACER NITRO 5\AppData\Local\GitHubDesktop\bin;C:\Program Files\JetBrains\IntelliJ IDEA Community Edition 2021.3\bin

Yarn version: 
  1.22.15

Node version: 
  14.18.1

Platform: 
  win32 x64

Trace: 
  Error: connect ETIMEDOUT 104.16.27.35:443
      at TCPConnectWrap.afterConnect [as oncomplete] (net.js:1159:16)

npm manifest: 
  {
    "name": "country-and-currency",
    "version": "1.0.0-beta.0",
    "description": "",
    "main": "index.js",
    "scripts": {
      "build": "tsc -p . && webpack",
      "serve": "webpack serve",
      "dev": " tsc --watch"
    },
    "repository": {
      "type": "git",
      "url": "git+https://github.com/work-mate/country-and-currency-ts.git"
    },
    "author": "David Oyinbo",
    "license": "ISC",
    "bugs": {
      "url": "https://github.com/work-mate/country-and-currency-ts/issues"
    },
    "homepage": "https://github.com/work-mate/country-and-currency-ts#readme"
  }

yarn manifest: 
  No manifest

Lockfile: 
  No lockfile
